<?xml version="1.0" encoding="UTF-8"?>
<testng-results skipped="0" failed="0" ignored="0" total="1" passed="1">
  <reporter-output>
  </reporter-output>
  <suite name="Mtech" duration-ms="95" started-at="2019-07-27T17:07:23Z" finished-at="2019-07-27T17:07:23Z">
    <groups>
    </groups>
    <test name="MtechTest" duration-ms="95" started-at="2019-07-27T17:07:23Z" finished-at="2019-07-27T17:07:23Z">
      <class name="com.mtech.Application">
        <test-method status="PASS" signature="test()[pri:0, instance:com.mtech.Application@6cc4c815]" name="test" duration-ms="26" started-at="2019-07-27T17:07:23Z" finished-at="2019-07-27T17:07:23Z">
          <reporter-output>
          </reporter-output>
        </test-method> <!-- test -->
      </class> <!-- com.mtech.Application -->
    </test> <!-- MtechTest -->
  </suite> <!-- Mtech -->
</testng-results>
